-- CONFIGURATIONS
--- data_type: 2 0
--- train/test: 4032/1728
--- max no. reactants: 14
--- max no. products: 1
--- use_saved: False
--- model_path: ./model/finetuned/model_2_0_4032_27407.pt
variable project_node_feats.0.weight loaded!
variable project_node_feats.0.bias loaded!
variable project_edge_feats.0.weight loaded!
variable project_edge_feats.0.bias loaded!
variable gnn_layers.0.eps loaded!
variable gnn_layers.0.apply_func.0.weight loaded!
variable gnn_layers.0.apply_func.0.bias loaded!
variable gnn_layers.0.apply_func.2.weight loaded!
variable gnn_layers.0.apply_func.2.bias loaded!
variable gnn_layers.1.eps loaded!
variable gnn_layers.1.apply_func.0.weight loaded!
variable gnn_layers.1.apply_func.0.bias loaded!
variable gnn_layers.1.apply_func.2.weight loaded!
variable gnn_layers.1.apply_func.2.bias loaded!
variable gnn_layers.2.eps loaded!
variable gnn_layers.2.apply_func.0.weight loaded!
variable gnn_layers.2.apply_func.0.bias loaded!
variable gnn_layers.2.apply_func.2.weight loaded!
variable gnn_layers.2.apply_func.2.bias loaded!
variable sparsify.0.weight loaded!
variable sparsify.0.bias loaded!
variable sparsify.1.weight loaded!
Successfully loaded pretrained model!
-- TRAINING
--- training epoch 9, lr 0.000500, processed 4032/4032, loss 0.451, time elapsed(min) 0.30
--- training epoch 19, lr 0.000500, processed 4032/4032, loss 0.313, time elapsed(min) 0.29
--- training epoch 29, lr 0.000500, processed 4032/4032, loss 0.207, time elapsed(min) 0.30
--- training epoch 39, lr 0.000500, processed 4032/4032, loss 0.170, time elapsed(min) 0.29
--- training epoch 49, lr 0.000500, processed 4032/4032, loss 0.095, time elapsed(min) 0.29
--- training epoch 59, lr 0.000500, processed 4032/4032, loss 0.047, time elapsed(min) 0.30
--- training epoch 69, lr 0.000500, processed 4032/4032, loss 0.020, time elapsed(min) 0.29
--- training epoch 79, lr 0.000500, processed 4032/4032, loss -0.017, time elapsed(min) 0.29
--- training epoch 89, lr 0.000500, processed 4032/4032, loss -0.042, time elapsed(min) 0.29
--- training epoch 99, lr 0.000500, processed 4032/4032, loss -0.064, time elapsed(min) 0.29
--- training epoch 109, lr 0.000500, processed 4032/4032, loss -0.086, time elapsed(min) 0.30
--- training epoch 119, lr 0.000500, processed 4032/4032, loss -0.107, time elapsed(min) 0.30
--- training epoch 129, lr 0.000500, processed 4032/4032, loss -0.130, time elapsed(min) 0.30
--- training epoch 139, lr 0.000500, processed 4032/4032, loss -0.149, time elapsed(min) 0.30
--- training epoch 149, lr 0.000500, processed 4032/4032, loss -0.166, time elapsed(min) 0.30
--- training epoch 159, lr 0.000500, processed 4032/4032, loss -0.197, time elapsed(min) 0.29
--- training epoch 169, lr 0.000500, processed 4032/4032, loss -0.201, time elapsed(min) 0.29
--- training epoch 179, lr 0.000500, processed 4032/4032, loss -0.221, time elapsed(min) 0.29
--- training epoch 189, lr 0.000500, processed 4032/4032, loss -0.236, time elapsed(min) 0.29
--- training epoch 199, lr 0.000500, processed 4032/4032, loss -0.240, time elapsed(min) 0.29
--- training epoch 209, lr 0.000500, processed 4032/4032, loss -0.255, time elapsed(min) 0.30
--- training epoch 219, lr 0.000500, processed 4032/4032, loss -0.265, time elapsed(min) 0.29
--- training epoch 229, lr 0.000500, processed 4032/4032, loss -0.274, time elapsed(min) 0.29
--- training epoch 239, lr 0.000500, processed 4032/4032, loss -0.281, time elapsed(min) 0.29
--- training epoch 249, lr 0.000500, processed 4032/4032, loss -0.288, time elapsed(min) 0.29
--- training epoch 259, lr 0.000500, processed 4032/4032, loss -0.289, time elapsed(min) 0.29
--- training epoch 269, lr 0.000500, processed 4032/4032, loss -0.302, time elapsed(min) 0.30
--- training epoch 279, lr 0.000500, processed 4032/4032, loss -0.305, time elapsed(min) 0.29
--- training epoch 289, lr 0.000500, processed 4032/4032, loss -0.315, time elapsed(min) 0.29
--- training epoch 299, lr 0.000500, processed 4032/4032, loss -0.314, time elapsed(min) 0.29
--- training epoch 309, lr 0.000500, processed 4032/4032, loss -0.313, time elapsed(min) 0.29
--- training epoch 319, lr 0.000500, processed 4032/4032, loss -0.328, time elapsed(min) 0.29
--- training epoch 329, lr 0.000500, processed 4032/4032, loss -0.334, time elapsed(min) 0.29
--- training epoch 339, lr 0.000500, processed 4032/4032, loss -0.340, time elapsed(min) 0.29
--- training epoch 349, lr 0.000500, processed 4032/4032, loss -0.336, time elapsed(min) 0.29
--- training epoch 359, lr 0.000500, processed 4032/4032, loss -0.352, time elapsed(min) 0.30
--- training epoch 369, lr 0.000500, processed 4032/4032, loss -0.352, time elapsed(min) 0.29
--- training epoch 379, lr 0.000500, processed 4032/4032, loss -0.358, time elapsed(min) 0.29
--- training epoch 389, lr 0.000500, processed 4032/4032, loss -0.363, time elapsed(min) 0.29
--- training epoch 399, lr 0.000500, processed 4032/4032, loss -0.358, time elapsed(min) 0.29
--- training epoch 409, lr 0.000050, processed 4032/4032, loss -0.411, time elapsed(min) 0.29
--- training epoch 419, lr 0.000050, processed 4032/4032, loss -0.418, time elapsed(min) 0.29
--- training epoch 429, lr 0.000050, processed 4032/4032, loss -0.424, time elapsed(min) 0.31
--- training epoch 439, lr 0.000050, processed 4032/4032, loss -0.420, time elapsed(min) 0.30
--- training epoch 449, lr 0.000050, processed 4032/4032, loss -0.421, time elapsed(min) 0.30
--- training epoch 459, lr 0.000005, processed 4032/4032, loss -0.432, time elapsed(min) 0.30
--- training epoch 469, lr 0.000005, processed 4032/4032, loss -0.431, time elapsed(min) 0.30
--- training epoch 479, lr 0.000005, processed 4032/4032, loss -0.429, time elapsed(min) 0.30
--- training epoch 489, lr 0.000005, processed 4032/4032, loss -0.426, time elapsed(min) 0.30
--- training epoch 499, lr 0.000005, processed 4032/4032, loss -0.433, time elapsed(min) 0.30
--- training epoch 509, lr 0.000005, processed 4032/4032, loss -0.428, time elapsed(min) 0.31
--- training epoch 519, lr 0.000005, processed 4032/4032, loss -0.431, time elapsed(min) 0.30
--- training epoch 529, lr 0.000005, processed 4032/4032, loss -0.432, time elapsed(min) 0.30
--- training epoch 539, lr 0.000005, processed 4032/4032, loss -0.432, time elapsed(min) 0.30
--- training epoch 549, lr 0.000005, processed 4032/4032, loss -0.439, time elapsed(min) 0.30
--- training epoch 559, lr 0.000005, processed 4032/4032, loss -0.433, time elapsed(min) 0.30
--- training epoch 569, lr 0.000005, processed 4032/4032, loss -0.434, time elapsed(min) 0.30
--- training epoch 579, lr 0.000005, processed 4032/4032, loss -0.436, time elapsed(min) 0.30
--- training epoch 589, lr 0.000005, processed 4032/4032, loss -0.439, time elapsed(min) 0.30
--- training epoch 599, lr 0.000005, processed 4032/4032, loss -0.431, time elapsed(min) 0.30
--- training epoch 609, lr 0.000005, processed 4032/4032, loss -0.435, time elapsed(min) 0.30
--- training epoch 619, lr 0.000005, processed 4032/4032, loss -0.434, time elapsed(min) 0.30
--- training epoch 629, lr 0.000005, processed 4032/4032, loss -0.438, time elapsed(min) 0.30
--- training epoch 639, lr 0.000005, processed 4032/4032, loss -0.432, time elapsed(min) 0.30
--- training epoch 649, lr 0.000005, processed 4032/4032, loss -0.436, time elapsed(min) 0.29
--- training epoch 659, lr 0.000005, processed 4032/4032, loss -0.435, time elapsed(min) 0.30
--- training epoch 669, lr 0.000005, processed 4032/4032, loss -0.433, time elapsed(min) 0.30
--- training epoch 679, lr 0.000005, processed 4032/4032, loss -0.439, time elapsed(min) 0.30
--- training epoch 689, lr 0.000005, processed 4032/4032, loss -0.433, time elapsed(min) 0.30
--- training epoch 699, lr 0.000005, processed 4032/4032, loss -0.432, time elapsed(min) 0.30
--- training epoch 709, lr 0.000005, processed 4032/4032, loss -0.439, time elapsed(min) 0.30
--- training epoch 719, lr 0.000005, processed 4032/4032, loss -0.436, time elapsed(min) 0.30
--- training epoch 729, lr 0.000005, processed 4032/4032, loss -0.428, time elapsed(min) 0.30
--- training epoch 739, lr 0.000005, processed 4032/4032, loss -0.435, time elapsed(min) 0.30
--- training epoch 749, lr 0.000005, processed 4032/4032, loss -0.437, time elapsed(min) 0.30
--- training epoch 759, lr 0.000005, processed 4032/4032, loss -0.437, time elapsed(min) 0.29
--- training epoch 769, lr 0.000005, processed 4032/4032, loss -0.437, time elapsed(min) 0.30
--- training epoch 779, lr 0.000005, processed 4032/4032, loss -0.436, time elapsed(min) 0.30
--- training epoch 789, lr 0.000005, processed 4032/4032, loss -0.440, time elapsed(min) 0.30
--- training epoch 799, lr 0.000005, processed 4032/4032, loss -0.440, time elapsed(min) 0.30
training terminated at epoch 799
-- RESULT
--- test size: 1728
--- MAE: 6.115, RMSE: 9.315, R2: 0.888, Spearman: 0.445
