-- CONFIGURATIONS
--- data_type: 3 1
--- train/test: 3057/898
--- max no. reactants: 6
--- max no. products: 1
--- use_saved: False
--- model_path: ./model/finetuned/model_3_1_3057_27407.pt
variable project_node_feats.0.weight loaded!
variable project_node_feats.0.bias loaded!
variable project_edge_feats.0.weight loaded!
variable project_edge_feats.0.bias loaded!
variable gnn_layers.0.eps loaded!
variable gnn_layers.0.apply_func.0.weight loaded!
variable gnn_layers.0.apply_func.0.bias loaded!
variable gnn_layers.0.apply_func.2.weight loaded!
variable gnn_layers.0.apply_func.2.bias loaded!
variable gnn_layers.1.eps loaded!
variable gnn_layers.1.apply_func.0.weight loaded!
variable gnn_layers.1.apply_func.0.bias loaded!
variable gnn_layers.1.apply_func.2.weight loaded!
variable gnn_layers.1.apply_func.2.bias loaded!
variable gnn_layers.2.eps loaded!
variable gnn_layers.2.apply_func.0.weight loaded!
variable gnn_layers.2.apply_func.0.bias loaded!
variable gnn_layers.2.apply_func.2.weight loaded!
variable gnn_layers.2.apply_func.2.bias loaded!
variable sparsify.0.weight loaded!
variable sparsify.0.bias loaded!
variable sparsify.1.weight loaded!
Successfully loaded pretrained model!
-- TRAINING
--- training epoch 9, lr 0.000500, processed 3057/3057, loss 0.159, time elapsed(min) 0.12
--- training epoch 19, lr 0.000500, processed 3057/3057, loss 0.065, time elapsed(min) 0.12
--- training epoch 29, lr 0.000500, processed 3057/3057, loss -0.047, time elapsed(min) 0.12
--- training epoch 39, lr 0.000500, processed 3057/3057, loss -0.113, time elapsed(min) 0.12
--- training epoch 49, lr 0.000500, processed 3057/3057, loss -0.150, time elapsed(min) 0.12
--- training epoch 59, lr 0.000500, processed 3057/3057, loss -0.185, time elapsed(min) 0.12
--- training epoch 69, lr 0.000500, processed 3057/3057, loss -0.224, time elapsed(min) 0.12
--- training epoch 79, lr 0.000500, processed 3057/3057, loss -0.247, time elapsed(min) 0.12
--- training epoch 89, lr 0.000500, processed 3057/3057, loss -0.264, time elapsed(min) 0.12
--- training epoch 99, lr 0.000500, processed 3057/3057, loss -0.255, time elapsed(min) 0.12
--- training epoch 109, lr 0.000500, processed 3057/3057, loss -0.283, time elapsed(min) 0.12
--- training epoch 119, lr 0.000500, processed 3057/3057, loss -0.316, time elapsed(min) 0.12
--- training epoch 129, lr 0.000500, processed 3057/3057, loss -0.320, time elapsed(min) 0.12
--- training epoch 139, lr 0.000500, processed 3057/3057, loss -0.322, time elapsed(min) 0.12
--- training epoch 149, lr 0.000500, processed 3057/3057, loss -0.327, time elapsed(min) 0.12
--- training epoch 159, lr 0.000500, processed 3057/3057, loss -0.332, time elapsed(min) 0.12
--- training epoch 169, lr 0.000500, processed 3057/3057, loss -0.350, time elapsed(min) 0.12
--- training epoch 179, lr 0.000500, processed 3057/3057, loss -0.367, time elapsed(min) 0.12
--- training epoch 189, lr 0.000500, processed 3057/3057, loss -0.360, time elapsed(min) 0.12
--- training epoch 199, lr 0.000500, processed 3057/3057, loss -0.374, time elapsed(min) 0.12
--- training epoch 209, lr 0.000500, processed 3057/3057, loss -0.379, time elapsed(min) 0.12
--- training epoch 219, lr 0.000500, processed 3057/3057, loss -0.379, time elapsed(min) 0.12
--- training epoch 229, lr 0.000500, processed 3057/3057, loss -0.395, time elapsed(min) 0.12
--- training epoch 239, lr 0.000500, processed 3057/3057, loss -0.368, time elapsed(min) 0.12
--- training epoch 249, lr 0.000500, processed 3057/3057, loss -0.389, time elapsed(min) 0.12
--- training epoch 259, lr 0.000500, processed 3057/3057, loss -0.411, time elapsed(min) 0.12
--- training epoch 269, lr 0.000500, processed 3057/3057, loss -0.401, time elapsed(min) 0.12
--- training epoch 279, lr 0.000500, processed 3057/3057, loss -0.401, time elapsed(min) 0.12
--- training epoch 289, lr 0.000500, processed 3057/3057, loss -0.395, time elapsed(min) 0.12
--- training epoch 299, lr 0.000500, processed 3057/3057, loss -0.416, time elapsed(min) 0.12
--- training epoch 309, lr 0.000500, processed 3057/3057, loss -0.416, time elapsed(min) 0.12
--- training epoch 319, lr 0.000500, processed 3057/3057, loss -0.425, time elapsed(min) 0.12
--- training epoch 329, lr 0.000500, processed 3057/3057, loss -0.433, time elapsed(min) 0.12
--- training epoch 339, lr 0.000500, processed 3057/3057, loss -0.424, time elapsed(min) 0.12
--- training epoch 349, lr 0.000500, processed 3057/3057, loss -0.432, time elapsed(min) 0.12
--- training epoch 359, lr 0.000500, processed 3057/3057, loss -0.430, time elapsed(min) 0.12
--- training epoch 369, lr 0.000500, processed 3057/3057, loss -0.436, time elapsed(min) 0.12
--- training epoch 379, lr 0.000500, processed 3057/3057, loss -0.439, time elapsed(min) 0.12
--- training epoch 389, lr 0.000500, processed 3057/3057, loss -0.435, time elapsed(min) 0.12
--- training epoch 399, lr 0.000500, processed 3057/3057, loss -0.441, time elapsed(min) 0.12
--- training epoch 409, lr 0.000050, processed 3057/3057, loss -0.487, time elapsed(min) 0.12
--- training epoch 419, lr 0.000050, processed 3057/3057, loss -0.499, time elapsed(min) 0.12
--- training epoch 429, lr 0.000050, processed 3057/3057, loss -0.491, time elapsed(min) 0.12
--- training epoch 439, lr 0.000050, processed 3057/3057, loss -0.505, time elapsed(min) 0.12
--- training epoch 449, lr 0.000050, processed 3057/3057, loss -0.505, time elapsed(min) 0.12
--- training epoch 459, lr 0.000005, processed 3057/3057, loss -0.507, time elapsed(min) 0.12
--- training epoch 469, lr 0.000005, processed 3057/3057, loss -0.506, time elapsed(min) 0.12
--- training epoch 479, lr 0.000005, processed 3057/3057, loss -0.502, time elapsed(min) 0.12
--- training epoch 489, lr 0.000005, processed 3057/3057, loss -0.504, time elapsed(min) 0.12
--- training epoch 499, lr 0.000005, processed 3057/3057, loss -0.504, time elapsed(min) 0.12
--- training epoch 509, lr 0.000005, processed 3057/3057, loss -0.499, time elapsed(min) 0.12
--- training epoch 519, lr 0.000005, processed 3057/3057, loss -0.508, time elapsed(min) 0.12
--- training epoch 529, lr 0.000005, processed 3057/3057, loss -0.504, time elapsed(min) 0.12
--- training epoch 539, lr 0.000005, processed 3057/3057, loss -0.511, time elapsed(min) 0.12
--- training epoch 549, lr 0.000005, processed 3057/3057, loss -0.506, time elapsed(min) 0.12
--- training epoch 559, lr 0.000005, processed 3057/3057, loss -0.510, time elapsed(min) 0.12
--- training epoch 569, lr 0.000005, processed 3057/3057, loss -0.506, time elapsed(min) 0.12
--- training epoch 579, lr 0.000005, processed 3057/3057, loss -0.509, time elapsed(min) 0.12
--- training epoch 589, lr 0.000005, processed 3057/3057, loss -0.511, time elapsed(min) 0.12
--- training epoch 599, lr 0.000005, processed 3057/3057, loss -0.507, time elapsed(min) 0.12
--- training epoch 609, lr 0.000005, processed 3057/3057, loss -0.507, time elapsed(min) 0.12
--- training epoch 619, lr 0.000005, processed 3057/3057, loss -0.508, time elapsed(min) 0.12
--- training epoch 629, lr 0.000005, processed 3057/3057, loss -0.507, time elapsed(min) 0.12
--- training epoch 639, lr 0.000005, processed 3057/3057, loss -0.514, time elapsed(min) 0.12
--- training epoch 649, lr 0.000005, processed 3057/3057, loss -0.507, time elapsed(min) 0.12
--- training epoch 659, lr 0.000005, processed 3057/3057, loss -0.511, time elapsed(min) 0.12
--- training epoch 669, lr 0.000005, processed 3057/3057, loss -0.512, time elapsed(min) 0.12
--- training epoch 679, lr 0.000005, processed 3057/3057, loss -0.512, time elapsed(min) 0.12
--- training epoch 689, lr 0.000005, processed 3057/3057, loss -0.514, time elapsed(min) 0.12
--- training epoch 699, lr 0.000005, processed 3057/3057, loss -0.508, time elapsed(min) 0.12
--- training epoch 709, lr 0.000005, processed 3057/3057, loss -0.509, time elapsed(min) 0.12
--- training epoch 719, lr 0.000005, processed 3057/3057, loss -0.503, time elapsed(min) 0.12
--- training epoch 729, lr 0.000005, processed 3057/3057, loss -0.506, time elapsed(min) 0.12
--- training epoch 739, lr 0.000005, processed 3057/3057, loss -0.507, time elapsed(min) 0.12
--- training epoch 749, lr 0.000005, processed 3057/3057, loss -0.512, time elapsed(min) 0.12
--- training epoch 759, lr 0.000005, processed 3057/3057, loss -0.505, time elapsed(min) 0.12
--- training epoch 769, lr 0.000005, processed 3057/3057, loss -0.517, time elapsed(min) 0.12
--- training epoch 779, lr 0.000005, processed 3057/3057, loss -0.507, time elapsed(min) 0.12
--- training epoch 789, lr 0.000005, processed 3057/3057, loss -0.509, time elapsed(min) 0.12
--- training epoch 799, lr 0.000005, processed 3057/3057, loss -0.513, time elapsed(min) 0.12
training terminated at epoch 799
-- RESULT
--- test size: 898
--- MAE: 6.075, RMSE: 9.893, R2: 0.868, Spearman: 0.535
