-- CONFIGURATIONS
--- data_type: 2 0
--- train/test: 4032/1728
--- max no. reactants: 14
--- max no. products: 1
--- use_saved: False
--- model_path: ./model/finetuned/model_2_0_4032_27407.pt
variable project_node_feats.0.weight loaded!
variable project_node_feats.0.bias loaded!
variable project_edge_feats.0.weight loaded!
variable project_edge_feats.0.bias loaded!
variable gnn_layers.0.eps loaded!
variable gnn_layers.0.apply_func.0.weight loaded!
variable gnn_layers.0.apply_func.0.bias loaded!
variable gnn_layers.0.apply_func.2.weight loaded!
variable gnn_layers.0.apply_func.2.bias loaded!
variable gnn_layers.1.eps loaded!
variable gnn_layers.1.apply_func.0.weight loaded!
variable gnn_layers.1.apply_func.0.bias loaded!
variable gnn_layers.1.apply_func.2.weight loaded!
variable gnn_layers.1.apply_func.2.bias loaded!
variable gnn_layers.2.eps loaded!
variable gnn_layers.2.apply_func.0.weight loaded!
variable gnn_layers.2.apply_func.0.bias loaded!
variable gnn_layers.2.apply_func.2.weight loaded!
variable gnn_layers.2.apply_func.2.bias loaded!
variable sparsify.0.weight loaded!
variable sparsify.0.bias loaded!
variable sparsify.1.weight loaded!
Successfully loaded pretrained model!
-- TRAINING
--- training epoch 9, lr 0.000500, processed 4032/4032, loss 0.477, time elapsed(min) 0.31
--- training epoch 19, lr 0.000500, processed 4032/4032, loss 0.374, time elapsed(min) 0.31
--- training epoch 29, lr 0.000500, processed 4032/4032, loss 0.310, time elapsed(min) 0.30
--- training epoch 39, lr 0.000500, processed 4032/4032, loss 0.228, time elapsed(min) 0.31
--- training epoch 49, lr 0.000500, processed 4032/4032, loss 0.181, time elapsed(min) 0.33
--- training epoch 59, lr 0.000500, processed 4032/4032, loss 0.135, time elapsed(min) 0.31
--- training epoch 69, lr 0.000500, processed 4032/4032, loss 0.090, time elapsed(min) 0.31
--- training epoch 79, lr 0.000500, processed 4032/4032, loss 0.057, time elapsed(min) 0.31
--- training epoch 89, lr 0.000500, processed 4032/4032, loss 0.031, time elapsed(min) 0.30
--- training epoch 99, lr 0.000500, processed 4032/4032, loss -0.008, time elapsed(min) 0.31
--- training epoch 109, lr 0.000500, processed 4032/4032, loss -0.034, time elapsed(min) 0.33
--- training epoch 119, lr 0.000500, processed 4032/4032, loss -0.064, time elapsed(min) 0.31
--- training epoch 129, lr 0.000500, processed 4032/4032, loss -0.091, time elapsed(min) 0.30
--- training epoch 139, lr 0.000500, processed 4032/4032, loss -0.109, time elapsed(min) 0.32
--- training epoch 149, lr 0.000500, processed 4032/4032, loss -0.131, time elapsed(min) 0.30
--- training epoch 159, lr 0.000500, processed 4032/4032, loss -0.163, time elapsed(min) 0.31
--- training epoch 169, lr 0.000500, processed 4032/4032, loss -0.166, time elapsed(min) 0.30
--- training epoch 179, lr 0.000500, processed 4032/4032, loss -0.183, time elapsed(min) 0.31
--- training epoch 189, lr 0.000500, processed 4032/4032, loss -0.199, time elapsed(min) 0.31
--- training epoch 199, lr 0.000500, processed 4032/4032, loss -0.229, time elapsed(min) 0.31
--- training epoch 209, lr 0.000500, processed 4032/4032, loss -0.225, time elapsed(min) 0.32
--- training epoch 219, lr 0.000500, processed 4032/4032, loss -0.237, time elapsed(min) 0.31
--- training epoch 229, lr 0.000500, processed 4032/4032, loss -0.256, time elapsed(min) 0.32
--- training epoch 239, lr 0.000500, processed 4032/4032, loss -0.254, time elapsed(min) 0.31
--- training epoch 249, lr 0.000500, processed 4032/4032, loss -0.275, time elapsed(min) 0.31
--- training epoch 259, lr 0.000500, processed 4032/4032, loss -0.277, time elapsed(min) 0.31
--- training epoch 269, lr 0.000500, processed 4032/4032, loss -0.286, time elapsed(min) 0.30
--- training epoch 279, lr 0.000500, processed 4032/4032, loss -0.294, time elapsed(min) 0.31
--- training epoch 289, lr 0.000500, processed 4032/4032, loss -0.290, time elapsed(min) 0.31
--- training epoch 299, lr 0.000500, processed 4032/4032, loss -0.304, time elapsed(min) 0.31
--- training epoch 309, lr 0.000500, processed 4032/4032, loss -0.304, time elapsed(min) 0.32
--- training epoch 319, lr 0.000500, processed 4032/4032, loss -0.313, time elapsed(min) 0.32
--- training epoch 329, lr 0.000500, processed 4032/4032, loss -0.323, time elapsed(min) 0.32
--- training epoch 339, lr 0.000500, processed 4032/4032, loss -0.316, time elapsed(min) 0.32
--- training epoch 349, lr 0.000500, processed 4032/4032, loss -0.332, time elapsed(min) 0.31
--- training epoch 359, lr 0.000500, processed 4032/4032, loss -0.339, time elapsed(min) 0.31
--- training epoch 369, lr 0.000500, processed 4032/4032, loss -0.336, time elapsed(min) 0.31
--- training epoch 379, lr 0.000500, processed 4032/4032, loss -0.338, time elapsed(min) 0.31
--- training epoch 389, lr 0.000500, processed 4032/4032, loss -0.346, time elapsed(min) 0.31
--- training epoch 399, lr 0.000500, processed 4032/4032, loss -0.350, time elapsed(min) 0.31
--- training epoch 409, lr 0.000050, processed 4032/4032, loss -0.401, time elapsed(min) 0.31
--- training epoch 419, lr 0.000050, processed 4032/4032, loss -0.403, time elapsed(min) 0.31
--- training epoch 429, lr 0.000050, processed 4032/4032, loss -0.409, time elapsed(min) 0.31
--- training epoch 439, lr 0.000050, processed 4032/4032, loss -0.413, time elapsed(min) 0.30
--- training epoch 449, lr 0.000050, processed 4032/4032, loss -0.416, time elapsed(min) 0.31
--- training epoch 459, lr 0.000005, processed 4032/4032, loss -0.420, time elapsed(min) 0.31
--- training epoch 469, lr 0.000005, processed 4032/4032, loss -0.417, time elapsed(min) 0.31
--- training epoch 479, lr 0.000005, processed 4032/4032, loss -0.418, time elapsed(min) 0.31
--- training epoch 489, lr 0.000005, processed 4032/4032, loss -0.421, time elapsed(min) 0.30
--- training epoch 499, lr 0.000005, processed 4032/4032, loss -0.416, time elapsed(min) 0.31
training terminated at epoch 499
-- RESULT
--- test size: 1728
--- MAE: 6.249, RMSE: 9.533, R2: 0.883, Spearman: 0.454
